0 info it worked if it ends with ok
1 verbose cli [ 'node', '/usr/local/bin/npm', 'install' ]
2 info using npm@3.7.3
3 info using node@v0.10.25
4 verbose node symlink /usr/bin/node
5 silly loadCurrentTree Starting
6 silly install loadCurrentTree
7 silly install readLocalPackageData
8 silly install normalizeTree
9 silly loadCurrentTree Finishing
10 silly loadIdealTree Starting
11 silly install loadIdealTree
12 silly cloneCurrentTree Starting
13 silly install cloneCurrentTreeToIdealTree
14 silly cloneCurrentTree Finishing
15 silly loadShrinkwrap Starting
16 silly install loadShrinkwrap
17 silly loadShrinkwrap Finishing
18 silly loadAllDepsIntoIdealTree Starting
19 silly install loadAllDepsIntoIdealTree
20 silly loadAllDepsIntoIdealTree Finishing
21 silly idealTree:prePrune reactApps@0.0.1
21 silly idealTree:prePrune ├── acorn@1.2.2
21 silly idealTree:prePrune ├── amdefine@1.0.0
21 silly idealTree:prePrune ├── asap@2.0.3
21 silly idealTree:prePrune ├── ast-types@0.8.15
21 silly idealTree:prePrune ├── async@1.5.2
21 silly idealTree:prePrune ├── balanced-match@0.3.0
21 silly idealTree:prePrune ├── base62@0.1.1
21 silly idealTree:prePrune ├── brace-expansion@1.1.3
21 silly idealTree:prePrune ├── combined-stream@1.0.5
21 silly idealTree:prePrune ├── commander@2.9.0
21 silly idealTree:prePrune ├── commoner@0.10.4
21 silly idealTree:prePrune ├── component-emitter@1.2.0
21 silly idealTree:prePrune ├── concat-map@0.0.1
21 silly idealTree:prePrune ├── cookiejar@2.0.6
21 silly idealTree:prePrune ├── core-js@1.2.6
21 silly idealTree:prePrune ├── core-util-is@1.0.2
21 silly idealTree:prePrune ├── debug@2.2.0
21 silly idealTree:prePrune ├── deep-equal@1.0.1
21 silly idealTree:prePrune ├── defined@1.0.0
21 silly idealTree:prePrune ├── delayed-stream@1.0.0
21 silly idealTree:prePrune ├── detective@4.3.1
21 silly idealTree:prePrune ├── envify@3.4.0
21 silly idealTree:prePrune ├── esprima-fb@13001.1001.0-dev-harmony-fb
21 silly idealTree:prePrune ├── extend@3.0.0
21 silly idealTree:prePrune ├── fbjs@0.6.1
21 silly idealTree:prePrune ├── form-data@1.0.0-rc3
21 silly idealTree:prePrune ├── formidable@1.0.17
21 silly idealTree:prePrune ├── glob@5.0.15
21 silly idealTree:prePrune ├── graceful-fs@4.1.3
21 silly idealTree:prePrune ├── graceful-readlink@1.0.1
21 silly idealTree:prePrune ├── history@1.17.0
21 silly idealTree:prePrune ├── iconv-lite@0.4.13
21 silly idealTree:prePrune ├── inflight@1.0.4
21 silly idealTree:prePrune ├── inherits@2.0.1
21 silly idealTree:prePrune ├── invariant@2.2.1
21 silly idealTree:prePrune ├── isarray@0.0.1
21 silly idealTree:prePrune ├── js-tokens@1.0.2
21 silly idealTree:prePrune ├── jstransform@10.1.0
21 silly idealTree:prePrune ├── lodash@2.4.2
21 silly idealTree:prePrune ├── loose-envify@1.1.0
21 silly idealTree:prePrune ├── methods@1.1.2
21 silly idealTree:prePrune ├── mime-db@1.22.0
21 silly idealTree:prePrune ├── mime-types@2.1.10
21 silly idealTree:prePrune ├── mime@1.3.4
21 silly idealTree:prePrune ├── minimatch@3.0.0
21 silly idealTree:prePrune ├── minimist@0.0.8
21 silly idealTree:prePrune ├── mkdirp@0.5.1
21 silly idealTree:prePrune ├── ms@0.7.1
21 silly idealTree:prePrune ├── once@1.3.3
21 silly idealTree:prePrune ├── path-is-absolute@1.0.0
21 silly idealTree:prePrune ├── private@0.1.6
21 silly idealTree:prePrune ├── promise@7.1.1
21 silly idealTree:prePrune ├── q@1.4.1
21 silly idealTree:prePrune ├── qs@2.3.3
21 silly idealTree:prePrune ├── query-string@3.0.1
21 silly idealTree:prePrune ├── react-dom@0.14.7
21 silly idealTree:prePrune ├── react-router@1.0.0
21 silly idealTree:prePrune ├── react-tools@0.13.3
21 silly idealTree:prePrune ├── react@0.14.7
21 silly idealTree:prePrune ├── reactify@1.1.1
21 silly idealTree:prePrune ├── readable-stream@1.0.27-1
21 silly idealTree:prePrune ├─┬ recast@0.10.43
21 silly idealTree:prePrune │ ├── esprima-fb@15001.1001.0-dev-harmony-fb
21 silly idealTree:prePrune │ └── source-map@0.5.3
21 silly idealTree:prePrune ├── reduce-component@1.0.1
21 silly idealTree:prePrune ├── source-map@0.1.31
21 silly idealTree:prePrune ├── strict-uri-encode@1.1.0
21 silly idealTree:prePrune ├── string_decoder@0.10.31
21 silly idealTree:prePrune ├── superagent@1.8.0
21 silly idealTree:prePrune ├── through@2.3.8
21 silly idealTree:prePrune ├── ua-parser-js@0.7.10
21 silly idealTree:prePrune ├── warning@2.1.0
21 silly idealTree:prePrune ├── whatwg-fetch@0.9.0
21 silly idealTree:prePrune └── wrappy@1.0.1
22 silly loadIdealTree Finishing
23 silly currentTree reactApps@0.0.1
23 silly currentTree ├── acorn@1.2.2
23 silly currentTree ├── amdefine@1.0.0
23 silly currentTree ├── asap@2.0.3
23 silly currentTree ├── ast-types@0.8.15
23 silly currentTree ├── async@1.5.2
23 silly currentTree ├── balanced-match@0.3.0
23 silly currentTree ├── base62@0.1.1
23 silly currentTree ├── brace-expansion@1.1.3
23 silly currentTree ├── combined-stream@1.0.5
23 silly currentTree ├── commander@2.9.0
23 silly currentTree ├── commoner@0.10.4
23 silly currentTree ├── component-emitter@1.2.0
23 silly currentTree ├── concat-map@0.0.1
23 silly currentTree ├── cookiejar@2.0.6
23 silly currentTree ├── core-js@1.2.6
23 silly currentTree ├── core-util-is@1.0.2
23 silly currentTree ├── debug@2.2.0
23 silly currentTree ├── deep-equal@1.0.1
23 silly currentTree ├── defined@1.0.0
23 silly currentTree ├── delayed-stream@1.0.0
23 silly currentTree ├── detective@4.3.1
23 silly currentTree ├── envify@3.4.0
23 silly currentTree ├── esprima-fb@13001.1001.0-dev-harmony-fb
23 silly currentTree ├── extend@3.0.0
23 silly currentTree ├── fbjs@0.6.1
23 silly currentTree ├── form-data@1.0.0-rc3
23 silly currentTree ├── formidable@1.0.17
23 silly currentTree ├── glob@5.0.15
23 silly currentTree ├── graceful-fs@4.1.3
23 silly currentTree ├── graceful-readlink@1.0.1
23 silly currentTree ├── history@1.17.0
23 silly currentTree ├── iconv-lite@0.4.13
23 silly currentTree ├── inflight@1.0.4
23 silly currentTree ├── inherits@2.0.1
23 silly currentTree ├── invariant@2.2.1
23 silly currentTree ├── isarray@0.0.1
23 silly currentTree ├── js-tokens@1.0.2
23 silly currentTree ├── jstransform@10.1.0
23 silly currentTree ├── lodash@2.4.2
23 silly currentTree ├── loose-envify@1.1.0
23 silly currentTree ├── methods@1.1.2
23 silly currentTree ├── mime-db@1.22.0
23 silly currentTree ├── mime-types@2.1.10
23 silly currentTree ├── mime@1.3.4
23 silly currentTree ├── minimatch@3.0.0
23 silly currentTree ├── minimist@0.0.8
23 silly currentTree ├── mkdirp@0.5.1
23 silly currentTree ├── ms@0.7.1
23 silly currentTree ├── once@1.3.3
23 silly currentTree ├── path-is-absolute@1.0.0
23 silly currentTree ├── private@0.1.6
23 silly currentTree ├── promise@7.1.1
23 silly currentTree ├── q@1.4.1
23 silly currentTree ├── qs@2.3.3
23 silly currentTree ├── query-string@3.0.1
23 silly currentTree ├── react-dom@0.14.7
23 silly currentTree ├── react-router@1.0.0
23 silly currentTree ├── react-tools@0.13.3
23 silly currentTree ├── react@0.14.7
23 silly currentTree ├── reactify@1.1.1
23 silly currentTree ├── readable-stream@1.0.27-1
23 silly currentTree ├─┬ recast@0.10.43
23 silly currentTree │ ├── esprima-fb@15001.1001.0-dev-harmony-fb
23 silly currentTree │ └── source-map@0.5.3
23 silly currentTree ├── reduce-component@1.0.1
23 silly currentTree ├── source-map@0.1.31
23 silly currentTree ├── strict-uri-encode@1.1.0
23 silly currentTree ├── string_decoder@0.10.31
23 silly currentTree ├── superagent@1.8.0
23 silly currentTree ├── through@2.3.8
23 silly currentTree ├── ua-parser-js@0.7.10
23 silly currentTree ├── warning@2.1.0
23 silly currentTree ├── whatwg-fetch@0.9.0
23 silly currentTree └── wrappy@1.0.1
24 silly idealTree reactApps@0.0.1
24 silly idealTree ├── acorn@1.2.2
24 silly idealTree ├── amdefine@1.0.0
24 silly idealTree ├── asap@2.0.3
24 silly idealTree ├── ast-types@0.8.15
24 silly idealTree ├── async@1.5.2
24 silly idealTree ├── balanced-match@0.3.0
24 silly idealTree ├── base62@0.1.1
24 silly idealTree ├── brace-expansion@1.1.3
24 silly idealTree ├── combined-stream@1.0.5
24 silly idealTree ├── commander@2.9.0
24 silly idealTree ├── commoner@0.10.4
24 silly idealTree ├── component-emitter@1.2.0
24 silly idealTree ├── concat-map@0.0.1
24 silly idealTree ├── cookiejar@2.0.6
24 silly idealTree ├── core-js@1.2.6
24 silly idealTree ├── core-util-is@1.0.2
24 silly idealTree ├── debug@2.2.0
24 silly idealTree ├── deep-equal@1.0.1
24 silly idealTree ├── defined@1.0.0
24 silly idealTree ├── delayed-stream@1.0.0
24 silly idealTree ├── detective@4.3.1
24 silly idealTree ├── envify@3.4.0
24 silly idealTree ├── esprima-fb@13001.1001.0-dev-harmony-fb
24 silly idealTree ├── extend@3.0.0
24 silly idealTree ├── fbjs@0.6.1
24 silly idealTree ├── form-data@1.0.0-rc3
24 silly idealTree ├── formidable@1.0.17
24 silly idealTree ├── glob@5.0.15
24 silly idealTree ├── graceful-fs@4.1.3
24 silly idealTree ├── graceful-readlink@1.0.1
24 silly idealTree ├── history@1.17.0
24 silly idealTree ├── iconv-lite@0.4.13
24 silly idealTree ├── inflight@1.0.4
24 silly idealTree ├── inherits@2.0.1
24 silly idealTree ├── invariant@2.2.1
24 silly idealTree ├── isarray@0.0.1
24 silly idealTree ├── js-tokens@1.0.2
24 silly idealTree ├── jstransform@10.1.0
24 silly idealTree ├── lodash@2.4.2
24 silly idealTree ├── loose-envify@1.1.0
24 silly idealTree ├── methods@1.1.2
24 silly idealTree ├── mime-db@1.22.0
24 silly idealTree ├── mime-types@2.1.10
24 silly idealTree ├── mime@1.3.4
24 silly idealTree ├── minimatch@3.0.0
24 silly idealTree ├── minimist@0.0.8
24 silly idealTree ├── mkdirp@0.5.1
24 silly idealTree ├── ms@0.7.1
24 silly idealTree ├── once@1.3.3
24 silly idealTree ├── path-is-absolute@1.0.0
24 silly idealTree ├── private@0.1.6
24 silly idealTree ├── promise@7.1.1
24 silly idealTree ├── q@1.4.1
24 silly idealTree ├── qs@2.3.3
24 silly idealTree ├── query-string@3.0.1
24 silly idealTree ├── react-dom@0.14.7
24 silly idealTree ├── react-router@1.0.0
24 silly idealTree ├── react-tools@0.13.3
24 silly idealTree ├── react@0.14.7
24 silly idealTree ├── reactify@1.1.1
24 silly idealTree ├── readable-stream@1.0.27-1
24 silly idealTree ├─┬ recast@0.10.43
24 silly idealTree │ ├── esprima-fb@15001.1001.0-dev-harmony-fb
24 silly idealTree │ └── source-map@0.5.3
24 silly idealTree ├── reduce-component@1.0.1
24 silly idealTree ├── source-map@0.1.31
24 silly idealTree ├── strict-uri-encode@1.1.0
24 silly idealTree ├── string_decoder@0.10.31
24 silly idealTree ├── superagent@1.8.0
24 silly idealTree ├── through@2.3.8
24 silly idealTree ├── ua-parser-js@0.7.10
24 silly idealTree ├── warning@2.1.0
24 silly idealTree ├── whatwg-fetch@0.9.0
24 silly idealTree └── wrappy@1.0.1
25 silly generateActionsToTake Starting
26 silly install generateActionsToTake
27 warn checkPermissions Missing write access to /home/ebad/Documents/4thYr/Software Frameworks/ReactJS/contactmanager/node_modules
28 silly rollbackFailedOptional Starting
29 silly rollbackFailedOptional Finishing
30 silly runTopLevelLifecycles Starting
31 silly runTopLevelLifecycles Finishing
32 silly install printInstalled
33 warn reactApps@0.0.1 No repository field.
34 warn reactApps@0.0.1 No license field.
35 verbose stack Error: EACCES, access '/home/ebad/Documents/4thYr/Software Frameworks/ReactJS/contactmanager/node_modules'
35 verbose stack     at module.exports (/usr/local/lib/node_modules/npm/lib/install/access-error.js:4:18)
35 verbose stack     at /usr/local/lib/node_modules/npm/lib/install/writable.js:30:25
35 verbose stack     at /usr/local/lib/node_modules/npm/node_modules/graceful-fs/graceful-fs.js:232:16
35 verbose stack     at Object.oncomplete (fs.js:107:15)
36 verbose cwd /home/ebad/Documents/4thYr/Software Frameworks/ReactJS/contactmanager
37 error Linux 3.19.0-51-generic
38 error argv "node" "/usr/local/bin/npm" "install"
39 error node v0.10.25
40 error npm  v3.7.3
41 error path /home/ebad/Documents/4thYr/Software Frameworks/ReactJS/contactmanager/node_modules
42 error code EACCES
43 error Error: EACCES, access '/home/ebad/Documents/4thYr/Software Frameworks/ReactJS/contactmanager/node_modules'
43 error     at module.exports (/usr/local/lib/node_modules/npm/lib/install/access-error.js:4:18)
43 error     at /usr/local/lib/node_modules/npm/lib/install/writable.js:30:25
43 error     at /usr/local/lib/node_modules/npm/node_modules/graceful-fs/graceful-fs.js:232:16
43 error     at Object.oncomplete (fs.js:107:15)
43 error  { [Error: EACCES, access '/home/ebad/Documents/4thYr/Software Frameworks/ReactJS/contactmanager/node_modules']
43 error   code: 'EACCES',
43 error   path: '/home/ebad/Documents/4thYr/Software Frameworks/ReactJS/contactmanager/node_modules' }
44 error Please try running this command again as root/Administrator.
45 verbose exit [ 1, true ]
